# JRE version: OpenJDK Runtime Environment (19.0.1+10) (build 19.0.1+10-21)
# Java VM: OpenJDK 64-Bit Server VM (19.0.1+10-21, mixed mode, emulated-client, sharing, tiered, compressed oops, compressed class ptrs, g1 gc, windows-amd64)
GC Precious Log:
 CardTable entry size: 512
 Card Set container configuration: InlinePtr #cards 4 size 8 Array Of Cards #cards 32 size 80 Howl #buckets 8 coarsen threshold 7372 Howl Bitmap #cards 1024 size 144 coarsen threshold 921 Card regions per heap region 1 cards per card region 8192
 CPUs: 12 total, 12 available
 Memory: 32716M
 Large Page Support: Disabled
 NUMA Support: Disabled
 Compressed Oops: Enabled (Zero based)
 Heap Region Size: 4M
 Heap Min Capacity: 8M
 Heap Initial Capacity: 512M
 Heap Max Capacity: 8180M
 Pre-touch: Disabled
 Parallel Workers: 10
 Concurrent Workers: 3
 Concurrent Refinement Workers: 10
 Periodic GC: Disabled
Heap:
 garbage-first heap   total 139264K, used 40198K [0x0000000600c00000, 0x0000000800000000)
  region size 4096K, 4 young (16384K), 1 survivors (4096K)
 Metaspace       used 62093K, committed 62592K, reserved 1114112K
  class space    used 8247K, committed 8512K, reserved 1048576K
GC Heap History (20 events):
Event: 1.519 GC heap before
{Heap before GC invocations=4 (full 0):
 garbage-first heap   total 69632K, used 50719K [0x0000000600c00000, 0x0000000800000000)
  region size 4096K, 11 young (45056K), 2 survivors (8192K)
 Metaspace       used 25230K, committed 25664K, reserved 1114112K
  class space    used 3281K, committed 3520K, reserved 1048576K
}
Event: 1.524 GC heap after
{Heap after GC invocations=5 (full 0):
 garbage-first heap   total 69632K, used 15679K [0x0000000600c00000, 0x0000000800000000)
  region size 4096K, 1 young (4096K), 1 survivors (4096K)
 Metaspace       used 25230K, committed 25664K, reserved 1114112K
  class space    used 3281K, committed 3520K, reserved 1048576K
}
Event: 1.568 GC heap before
{Heap before GC invocations=5 (full 0):
 garbage-first heap   total 69632K, used 19775K [0x0000000600c00000, 0x0000000800000000)
  region size 4096K, 2 young (8192K), 1 survivors (4096K)
 Metaspace       used 25792K, committed 26176K, reserved 1114112K
  class space    used 3351K, committed 3520K, reserved 1048576K
}
Event: 1.571 GC heap after
{Heap after GC invocations=6 (full 0):
 garbage-first heap   total 69632K, used 15819K [0x0000000600c00000, 0x0000000800000000)
  region size 4096K, 1 young (4096K), 1 survivors (4096K)
 Metaspace       used 25792K, committed 26176K, reserved 1114112K
  class space    used 3351K, committed 3520K, reserved 1048576K
}
Event: 1.879 GC heap before
{Heap before GC invocations=6 (full 0):
 garbage-first heap   total 69632K, used 36299K [0x0000000600c00000, 0x0000000800000000)
  region size 4096K, 7 young (28672K), 1 survivors (4096K)
 Metaspace       used 29718K, committed 30080K, reserved 1114112K
  class space    used 3995K, committed 4160K, reserved 1048576K
}
Event: 1.882 GC heap after
{Heap after GC invocations=7 (full 0):
 garbage-first heap   total 69632K, used 17607K [0x0000000600c00000, 0x0000000800000000)
  region size 4096K, 1 young (4096K), 1 survivors (4096K)
 Metaspace       used 29718K, committed 30080K, reserved 1114112K
  class space    used 3995K, committed 4160K, reserved 1048576K
}
Event: 2.176 GC heap before
{Heap before GC invocations=7 (full 0):
 garbage-first heap   total 69632K, used 42183K [0x0000000600c00000, 0x0000000800000000)
  region size 4096K, 8 young (32768K), 1 survivors (4096K)
 Metaspace       used 33364K, committed 33792K, reserved 1114112K
  class space    used 4461K, committed 4672K, reserved 1048576K
}
Event: 2.178 GC heap after
{Heap after GC invocations=8 (full 0):
 garbage-first heap   total 69632K, used 19608K [0x0000000600c00000, 0x0000000800000000)
  region size 4096K, 1 young (4096K), 1 survivors (4096K)
 Metaspace       used 33364K, committed 33792K, reserved 1114112K
  class space    used 4461K, committed 4672K, reserved 1048576K
}
Event: 2.332 GC heap before
{Heap before GC invocations=8 (full 0):
 garbage-first heap   total 69632K, used 31896K [0x0000000600c00000, 0x0000000800000000)
  region size 4096K, 5 young (20480K), 1 survivors (4096K)
 Metaspace       used 35753K, committed 36160K, reserved 1114112K
  class space    used 4780K, committed 4992K, reserved 1048576K
}
Event: 2.335 GC heap after
{Heap after GC invocations=9 (full 0):
 garbage-first heap   total 69632K, used 20713K [0x0000000600c00000, 0x0000000800000000)
  region size 4096K, 1 young (4096K), 1 survivors (4096K)
 Metaspace       used 35753K, committed 36160K, reserved 1114112K
  class space    used 4780K, committed 4992K, reserved 1048576K
}
Event: 2.738 GC heap before
{Heap before GC invocations=10 (full 0):
 garbage-first heap   total 69632K, used 45289K [0x0000000600c00000, 0x0000000800000000)
  region size 4096K, 7 young (28672K), 1 survivors (4096K)
 Metaspace       used 42145K, committed 42624K, reserved 1114112K
  class space    used 5765K, committed 6016K, reserved 1048576K
}
Event: 2.740 GC heap after
{Heap after GC invocations=11 (full 0):
 garbage-first heap   total 69632K, used 22295K [0x0000000600c00000, 0x0000000800000000)
  region size 4096K, 1 young (4096K), 1 survivors (4096K)
 Metaspace       used 42145K, committed 42624K, reserved 1114112K
  class space    used 5765K, committed 6016K, reserved 1048576K
}
Event: 3.002 GC heap before
{Heap before GC invocations=11 (full 0):
 garbage-first heap   total 69632K, used 46871K [0x0000000600c00000, 0x0000000800000000)
  region size 4096K, 7 young (28672K), 1 survivors (4096K)
 Metaspace       used 46307K, committed 46784K, reserved 1114112K
  class space    used 6306K, committed 6528K, reserved 1048576K
}
Event: 3.004 GC heap after
{Heap after GC invocations=12 (full 0):
 garbage-first heap   total 69632K, used 24368K [0x0000000600c00000, 0x0000000800000000)
  region size 4096K, 1 young (4096K), 1 survivors (4096K)
 Metaspace       used 46307K, committed 46784K, reserved 1114112K
  class space    used 6306K, committed 6528K, reserved 1048576K
}
Event: 3.361 GC heap before
{Heap before GC invocations=12 (full 0):
 garbage-first heap   total 69632K, used 53040K [0x0000000600c00000, 0x0000000800000000)
  region size 4096K, 8 young (32768K), 1 survivors (4096K)
 Metaspace       used 52656K, committed 53184K, reserved 1114112K
  class space    used 7122K, committed 7360K, reserved 1048576K
}
Event: 3.364 GC heap after
{Heap after GC invocations=13 (full 0):
 garbage-first heap   total 69632K, used 26889K [0x0000000600c00000, 0x0000000800000000)
  region size 4096K, 1 young (4096K), 1 survivors (4096K)
 Metaspace       used 52656K, committed 53184K, reserved 1114112K
  class space    used 7122K, committed 7360K, reserved 1048576K
}
Event: 3.615 GC heap before
{Heap before GC invocations=13 (full 0):
 garbage-first heap   total 69632K, used 51465K [0x0000000600c00000, 0x0000000800000000)
  region size 4096K, 7 young (28672K), 1 survivors (4096K)
 Metaspace       used 57256K, committed 57728K, reserved 1114112K
  class space    used 7634K, committed 7872K, reserved 1048576K
}
Event: 3.618 GC heap after
{Heap after GC invocations=14 (full 0):
 garbage-first heap   total 69632K, used 30435K [0x0000000600c00000, 0x0000000800000000)
  region size 4096K, 1 young (4096K), 1 survivors (4096K)
 Metaspace       used 57256K, committed 57728K, reserved 1114112K
  class space    used 7634K, committed 7872K, reserved 1048576K
}
Event: 5.700 GC heap before
{Heap before GC invocations=14 (full 0):
 garbage-first heap   total 69632K, used 34531K [0x0000000600c00000, 0x0000000800000000)
  region size 4096K, 4 young (16384K), 1 survivors (4096K)
 Metaspace       used 60056K, committed 60608K, reserved 1114112K
  class space    used 7998K, committed 8256K, reserved 1048576K
}
Event: 5.704 GC heap after
{Heap after GC invocations=15 (full 0):
 garbage-first heap   total 299008K, used 32006K [0x0000000600c00000, 0x0000000800000000)
  region size 4096K, 1 young (4096K), 1 survivors (4096K)
 Metaspace       used 60056K, committed 60608K, reserved 1114112K
  class space    used 7998K, committed 8256K, reserved 1048576K
}

