# JRE version: OpenJDK Runtime Environment (19.0.1+10) (build 19.0.1+10-21)
# Java VM: OpenJDK 64-Bit Server VM (19.0.1+10-21, mixed mode, emulated-client, sharing, tiered, compressed oops, compressed class ptrs, g1 gc, windows-amd64)
GC Precious Log:
 CardTable entry size: 512
 Card Set container configuration: InlinePtr #cards 4 size 8 Array Of Cards #cards 32 size 80 Howl #buckets 8 coarsen threshold 7372 Howl Bitmap #cards 1024 size 144 coarsen threshold 921 Card regions per heap region 1 cards per card region 8192
 CPUs: 12 total, 12 available
 Memory: 32716M
 Large Page Support: Disabled
 NUMA Support: Disabled
 Compressed Oops: Enabled (Zero based)
 Heap Region Size: 4M
 Heap Min Capacity: 8M
 Heap Initial Capacity: 512M
 Heap Max Capacity: 8180M
 Pre-touch: Disabled
 Parallel Workers: 10
 Concurrent Workers: 3
 Concurrent Refinement Workers: 10
 Periodic GC: Disabled
Heap:
 garbage-first heap   total 122880K, used 38616K [0x0000000600c00000, 0x0000000800000000)
  region size 4096K, 6 young (24576K), 3 survivors (12288K)
 Metaspace       used 62083K, committed 62656K, reserved 1114112K
  class space    used 8243K, committed 8512K, reserved 1048576K
GC Heap History (20 events):
Event: 0.705 GC heap before
{Heap before GC invocations=1 (full 0):
 garbage-first heap   total 524288K, used 24259K [0x0000000600c00000, 0x0000000800000000)
  region size 4096K, 6 young (24576K), 1 survivors (4096K)
 Metaspace       used 8914K, committed 9152K, reserved 1114112K
  class space    used 1081K, committed 1216K, reserved 1048576K
}
Event: 0.707 GC heap after
{Heap after GC invocations=2 (full 0):
 garbage-first heap   total 524288K, used 9409K [0x0000000600c00000, 0x0000000800000000)
  region size 4096K, 1 young (4096K), 1 survivors (4096K)
 Metaspace       used 8914K, committed 9152K, reserved 1114112K
  class space    used 1081K, committed 1216K, reserved 1048576K
}
Event: 1.152 GC heap before
{Heap before GC invocations=2 (full 0):
 garbage-first heap   total 524288K, used 62657K [0x0000000600c00000, 0x0000000800000000)
  region size 4096K, 16 young (65536K), 1 survivors (4096K)
 Metaspace       used 21235K, committed 21504K, reserved 1114112K
  class space    used 2702K, committed 2816K, reserved 1048576K
}
Event: 1.155 GC heap after
{Heap after GC invocations=3 (full 0):
 garbage-first heap   total 524288K, used 13610K [0x0000000600c00000, 0x0000000800000000)
  region size 4096K, 2 young (8192K), 2 survivors (8192K)
 Metaspace       used 21235K, committed 21504K, reserved 1114112K
  class space    used 2702K, committed 2816K, reserved 1048576K
}
Event: 1.469 GC heap before
{Heap before GC invocations=4 (full 0):
 garbage-first heap   total 69632K, used 50474K [0x0000000600c00000, 0x0000000800000000)
  region size 4096K, 11 young (45056K), 2 survivors (8192K)
 Metaspace       used 25244K, committed 25664K, reserved 1114112K
  class space    used 3281K, committed 3520K, reserved 1048576K
}
Event: 1.472 GC heap after
{Heap after GC invocations=5 (full 0):
 garbage-first heap   total 69632K, used 15262K [0x0000000600c00000, 0x0000000800000000)
  region size 4096K, 1 young (4096K), 1 survivors (4096K)
 Metaspace       used 25244K, committed 25664K, reserved 1114112K
  class space    used 3281K, committed 3520K, reserved 1048576K
}
Event: 1.514 GC heap before
{Heap before GC invocations=5 (full 0):
 garbage-first heap   total 69632K, used 19358K [0x0000000600c00000, 0x0000000800000000)
  region size 4096K, 2 young (8192K), 1 survivors (4096K)
 Metaspace       used 25812K, committed 26240K, reserved 1114112K
  class space    used 3352K, committed 3584K, reserved 1048576K
}
Event: 1.516 GC heap after
{Heap after GC invocations=6 (full 0):
 garbage-first heap   total 69632K, used 15719K [0x0000000600c00000, 0x0000000800000000)
  region size 4096K, 1 young (4096K), 1 survivors (4096K)
 Metaspace       used 25812K, committed 26240K, reserved 1114112K
  class space    used 3352K, committed 3584K, reserved 1048576K
}
Event: 1.825 GC heap before
{Heap before GC invocations=6 (full 0):
 garbage-first heap   total 69632K, used 40295K [0x0000000600c00000, 0x0000000800000000)
  region size 4096K, 7 young (28672K), 1 survivors (4096K)
 Metaspace       used 29772K, committed 30208K, reserved 1114112K
  class space    used 4000K, committed 4224K, reserved 1048576K
}
Event: 1.827 GC heap after
{Heap after GC invocations=7 (full 0):
 garbage-first heap   total 69632K, used 17409K [0x0000000600c00000, 0x0000000800000000)
  region size 4096K, 1 young (4096K), 1 survivors (4096K)
 Metaspace       used 29772K, committed 30208K, reserved 1114112K
  class space    used 4000K, committed 4224K, reserved 1048576K
}
Event: 2.122 GC heap before
{Heap before GC invocations=7 (full 0):
 garbage-first heap   total 69632K, used 46081K [0x0000000600c00000, 0x0000000800000000)
  region size 4096K, 8 young (32768K), 1 survivors (4096K)
 Metaspace       used 33376K, committed 33792K, reserved 1114112K
  class space    used 4465K, committed 4672K, reserved 1048576K
}
Event: 2.124 GC heap after
{Heap after GC invocations=8 (full 0):
 garbage-first heap   total 69632K, used 19521K [0x0000000600c00000, 0x0000000800000000)
  region size 4096K, 1 young (4096K), 1 survivors (4096K)
 Metaspace       used 33376K, committed 33792K, reserved 1114112K
  class space    used 4465K, committed 4672K, reserved 1048576K
}
Event: 2.283 GC heap before
{Heap before GC invocations=8 (full 0):
 garbage-first heap   total 69632K, used 31809K [0x0000000600c00000, 0x0000000800000000)
  region size 4096K, 5 young (20480K), 1 survivors (4096K)
 Metaspace       used 35752K, committed 36160K, reserved 1114112K
  class space    used 4779K, committed 4992K, reserved 1048576K
}
Event: 2.286 GC heap after
{Heap after GC invocations=9 (full 0):
 garbage-first heap   total 69632K, used 20446K [0x0000000600c00000, 0x0000000800000000)
  region size 4096K, 1 young (4096K), 1 survivors (4096K)
 Metaspace       used 35752K, committed 36160K, reserved 1114112K
  class space    used 4779K, committed 4992K, reserved 1048576K
}
Event: 2.694 GC heap before
{Heap before GC invocations=10 (full 0):
 garbage-first heap   total 69632K, used 45022K [0x0000000600c00000, 0x0000000800000000)
  region size 4096K, 7 young (28672K), 1 survivors (4096K)
 Metaspace       used 42127K, committed 42624K, reserved 1114112K
  class space    used 5762K, committed 6016K, reserved 1048576K
}
Event: 2.697 GC heap after
{Heap after GC invocations=11 (full 0):
 garbage-first heap   total 299008K, used 22251K [0x0000000600c00000, 0x0000000800000000)
  region size 4096K, 1 young (4096K), 1 survivors (4096K)
 Metaspace       used 42127K, committed 42624K, reserved 1114112K
  class space    used 5762K, committed 6016K, reserved 1048576K
}
Event: 2.790 GC heap before
{Heap before GC invocations=11 (full 0):
 garbage-first heap   total 299008K, used 30443K [0x0000000600c00000, 0x0000000800000000)
  region size 4096K, 3 young (12288K), 1 survivors (4096K)
 Metaspace       used 44192K, committed 44672K, reserved 1114112K
  class space    used 5999K, committed 6208K, reserved 1048576K
}
Event: 2.793 GC heap after
{Heap after GC invocations=12 (full 0):
 garbage-first heap   total 299008K, used 21917K [0x0000000600c00000, 0x0000000800000000)
  region size 4096K, 1 young (4096K), 1 survivors (4096K)
 Metaspace       used 44192K, committed 44672K, reserved 1114112K
  class space    used 5999K, committed 6208K, reserved 1048576K
}
Event: 9.246 GC heap before
{Heap before GC invocations=12 (full 0):
 garbage-first heap   total 299008K, used 107933K [0x0000000600c00000, 0x0000000800000000)
  region size 4096K, 23 young (94208K), 1 survivors (4096K)
 Metaspace       used 60112K, committed 60608K, reserved 1114112K
  class space    used 7996K, committed 8256K, reserved 1048576K
}
Event: 9.252 GC heap after
{Heap after GC invocations=13 (full 0):
 garbage-first heap   total 299008K, used 30424K [0x0000000600c00000, 0x0000000800000000)
  region size 4096K, 3 young (12288K), 3 survivors (12288K)
 Metaspace       used 60112K, committed 60608K, reserved 1114112K
  class space    used 7996K, committed 8256K, reserved 1048576K
}

